0 info it worked if it ends with ok
1 verbose cli [ '/usr/local/Cellar/node/7.5.0/bin/node',
1 verbose cli   '/usr/local/bin/npm',
1 verbose cli   'start' ]
2 info using npm@4.1.2
3 info using node@v7.5.0
4 verbose run-script [ 'prestart', 'start', 'poststart' ]
5 info lifecycle life-of-billy@0.0.0~prestart: life-of-billy@0.0.0
6 silly lifecycle life-of-billy@0.0.0~prestart: no script for prestart, continuing
7 info lifecycle life-of-billy@0.0.0~start: life-of-billy@0.0.0
8 verbose lifecycle life-of-billy@0.0.0~start: unsafe-perm in lifecycle true
9 verbose lifecycle life-of-billy@0.0.0~start: PATH: /usr/local/lib/node_modules/npm/bin/node-gyp-bin:/Users/allengong/Desktop/self_projects/web/life-of-blly/node_modules/.bin:/Library/Frameworks/Python.framework/Versions/2.7/bin:/Users/allengong/.rvm/gems/ruby-2.3.3/bin:/Users/allengong/.rvm/gems/ruby-2.3.3@global/bin:/Users/allengong/.rvm/rubies/ruby-2.3.3/bin:/Library/PostgreSQL/9.0/bin/:/usr/local/bin:/opt/local/bin:/opt/local/sbin:/usr/local/bin:/usr/bin:/bin:/usr/sbin:/sbin:/opt/X11/bin:/usr/local/git/bin:/Library/TeX/texbin:/Applications/Postgres.app/Contents/Versions/9.4/bin:/Users/allengong/.rvm/bin
10 verbose lifecycle life-of-billy@0.0.0~start: CWD: /Users/allengong/Desktop/self_projects/web/life-of-blly
11 silly lifecycle life-of-billy@0.0.0~start: Args: [ '-c', 'node ./bin/www' ]
12 silly lifecycle life-of-billy@0.0.0~start: Returned: code: 1  signal: null
13 info lifecycle life-of-billy@0.0.0~start: Failed to exec start script
14 verbose stack Error: life-of-billy@0.0.0 start: `node ./bin/www`
14 verbose stack Exit status 1
14 verbose stack     at EventEmitter.<anonymous> (/usr/local/lib/node_modules/npm/lib/utils/lifecycle.js:279:16)
14 verbose stack     at emitTwo (events.js:106:13)
14 verbose stack     at EventEmitter.emit (events.js:192:7)
14 verbose stack     at ChildProcess.<anonymous> (/usr/local/lib/node_modules/npm/lib/utils/spawn.js:40:14)
14 verbose stack     at emitTwo (events.js:106:13)
14 verbose stack     at ChildProcess.emit (events.js:192:7)
14 verbose stack     at maybeClose (internal/child_process.js:890:16)
14 verbose stack     at Process.ChildProcess._handle.onexit (internal/child_process.js:226:5)
15 verbose pkgid life-of-billy@0.0.0
16 verbose cwd /Users/allengong/Desktop/self_projects/web/life-of-blly
17 error Darwin 14.5.0
18 error argv "/usr/local/Cellar/node/7.5.0/bin/node" "/usr/local/bin/npm" "start"
19 error node v7.5.0
20 error npm  v4.1.2
21 error code ELIFECYCLE
22 error life-of-billy@0.0.0 start: `node ./bin/www`
22 error Exit status 1
23 error Failed at the life-of-billy@0.0.0 start script 'node ./bin/www'.
23 error Make sure you have the latest version of node.js and npm installed.
23 error If you do, this is most likely a problem with the life-of-billy package,
23 error not with npm itself.
23 error Tell the author that this fails on your system:
23 error     node ./bin/www
23 error You can get information on how to open an issue for this project with:
23 error     npm bugs life-of-billy
23 error Or if that isn't available, you can get their info via:
23 error     npm owner ls life-of-billy
23 error There is likely additional logging output above.
24 verbose exit [ 1, true ]
